# JRE version: OpenJDK Runtime Environment (8.0_242-b01) (build 1.8.0_242-release-1644-b01)
# Java VM: OpenJDK 64-Bit Server VM (25.242-b01 mixed mode windows-amd64 compressed oops)
Heap:
 PSYoungGen      total 552448K, used 231287K [0x00000000d5580000, 0x00000000ff500000, 0x0000000100000000)
  eden space 501248K, 44% used [0x00000000d5580000,0x00000000e2e94e70,0x00000000f3f00000)
  from space 51200K, 17% used [0x00000000f6a80000,0x00000000f73490a8,0x00000000f9c80000)
  to   space 44544K, 0% used [0x00000000f3f00000,0x00000000f3f00000,0x00000000f6a80000)
 ParOldGen       total 203264K, used 166851K [0x0000000080000000, 0x000000008c680000, 0x00000000d5580000)
  object space 203264K, 82% used [0x0000000080000000,0x000000008a2f0d38,0x000000008c680000)
 Metaspace       used 88598K, capacity 93442K, committed 95272K, reserved 1130496K
  class space    used 11863K, capacity 12778K, committed 13360K, reserved 1048576K
GC Heap History (10 events):
Event: 32.541 GC heap before
{Heap before GC invocations=22 (full 4):
 PSYoungGen      total 454656K, used 442179K [0x00000000d5580000, 0x00000000f9d00000, 0x0000000100000000)
  eden space 406016K, 100% used [0x00000000d5580000,0x00000000ee200000,0x00000000ee200000)
  from space 48640K, 74% used [0x00000000ee200000,0x00000000f0550c20,0x00000000f1180000)
  to   space 51712K, 0% used [0x00000000f6a80000,0x00000000f6a80000,0x00000000f9d00000)
 ParOldGen       total 203264K, used 101081K [0x0000000080000000, 0x000000008c680000, 0x00000000d5580000)
  object space 203264K, 49% used [0x0000000080000000,0x00000000862b64c8,0x000000008c680000)
 Metaspace       used 88215K, capacity 92986K, committed 94760K, reserved 1130496K
  class space    used 11856K, capacity 12770K, committed 13360K, reserved 1048576K
Event: 32.581 GC heap after
Heap after GC invocations=22 (full 4):
 PSYoungGen      total 547840K, used 21714K [0x00000000d5580000, 0x00000000f9c80000, 0x0000000100000000)
  eden space 496640K, 0% used [0x00000000d5580000,0x00000000d5580000,0x00000000f3a80000)
  from space 51200K, 42% used [0x00000000f6a80000,0x00000000f7fb4af0,0x00000000f9c80000)
  to   space 49152K, 0% used [0x00000000f3a80000,0x00000000f3a80000,0x00000000f6a80000)
 ParOldGen       total 203264K, used 118457K [0x0000000080000000, 0x000000008c680000, 0x00000000d5580000)
  object space 203264K, 58% used [0x0000000080000000,0x00000000873ae638,0x000000008c680000)
 Metaspace       used 88215K, capacity 92986K, committed 94760K, reserved 1130496K
  class space    used 11856K, capacity 12770K, committed 13360K, reserved 1048576K
}
Event: 33.254 GC heap before
{Heap before GC invocations=23 (full 4):
 PSYoungGen      total 547840K, used 518354K [0x00000000d5580000, 0x00000000f9c80000, 0x0000000100000000)
  eden space 496640K, 100% used [0x00000000d5580000,0x00000000f3a80000,0x00000000f3a80000)
  from space 51200K, 42% used [0x00000000f6a80000,0x00000000f7fb4af0,0x00000000f9c80000)
  to   space 49152K, 0% used [0x00000000f3a80000,0x00000000f3a80000,0x00000000f6a80000)
 ParOldGen       total 203264K, used 118457K [0x0000000080000000, 0x000000008c680000, 0x00000000d5580000)
  object space 203264K, 58% used [0x0000000080000000,0x00000000873ae638,0x000000008c680000)
 Metaspace       used 88382K, capacity 93132K, committed 95016K, reserved 1130496K
  class space    used 11857K, capacity 12771K, committed 13360K, reserved 1048576K
Event: 33.296 GC heap after
Heap after GC invocations=23 (full 4):
 PSYoungGen      total 545792K, used 22910K [0x00000000d5580000, 0x00000000f9c80000, 0x0000000100000000)
  eden space 496640K, 0% used [0x00000000d5580000,0x00000000d5580000,0x00000000f3a80000)
  from space 49152K, 46% used [0x00000000f3a80000,0x00000000f50df9f8,0x00000000f6a80000)
  to   space 51200K, 0% used [0x00000000f6a80000,0x00000000f6a80000,0x00000000f9c80000)
 ParOldGen       total 203264K, used 130450K [0x0000000080000000, 0x000000008c680000, 0x00000000d5580000)
  object space 203264K, 64% used [0x0000000080000000,0x0000000087f64828,0x000000008c680000)
 Metaspace       used 88382K, capacity 93132K, committed 95016K, reserved 1130496K
  class space    used 11857K, capacity 12771K, committed 13360K, reserved 1048576K
}
Event: 33.901 GC heap before
{Heap before GC invocations=24 (full 4):
 PSYoungGen      total 545792K, used 519550K [0x00000000d5580000, 0x00000000f9c80000, 0x0000000100000000)
  eden space 496640K, 100% used [0x00000000d5580000,0x00000000f3a80000,0x00000000f3a80000)
  from space 49152K, 46% used [0x00000000f3a80000,0x00000000f50df9f8,0x00000000f6a80000)
  to   space 51200K, 0% used [0x00000000f6a80000,0x00000000f6a80000,0x00000000f9c80000)
 ParOldGen       total 203264K, used 130450K [0x0000000080000000, 0x000000008c680000, 0x00000000d5580000)
  object space 203264K, 64% used [0x0000000080000000,0x0000000087f64828,0x000000008c680000)
 Metaspace       used 88423K, capacity 93204K, committed 95016K, reserved 1130496K
  class space    used 11857K, capacity 12771K, committed 13360K, reserved 1048576K
Event: 33.947 GC heap after
Heap after GC invocations=24 (full 4):
 PSYoungGen      total 547840K, used 13909K [0x00000000d5580000, 0x00000000f9c80000, 0x0000000100000000)
  eden space 496640K, 0% used [0x00000000d5580000,0x00000000d5580000,0x00000000f3a80000)
  from space 51200K, 27% used [0x00000000f6a80000,0x00000000f78156d8,0x00000000f9c80000)
  to   space 49152K, 0% used [0x00000000f3a80000,0x00000000f3a80000,0x00000000f6a80000)
 ParOldGen       total 203264K, used 149189K [0x0000000080000000, 0x000000008c680000, 0x00000000d5580000)
  object space 203264K, 73% used [0x0000000080000000,0x00000000891b17b0,0x000000008c680000)
 Metaspace       used 88423K, capacity 93204K, committed 95016K, reserved 1130496K
  class space    used 11857K, capacity 12771K, committed 13360K, reserved 1048576K
}
Event: 34.675 GC heap before
{Heap before GC invocations=25 (full 4):
 PSYoungGen      total 547840K, used 510549K [0x00000000d5580000, 0x00000000f9c80000, 0x0000000100000000)
  eden space 496640K, 100% used [0x00000000d5580000,0x00000000f3a80000,0x00000000f3a80000)
  from space 51200K, 27% used [0x00000000f6a80000,0x00000000f78156d8,0x00000000f9c80000)
  to   space 49152K, 0% used [0x00000000f3a80000,0x00000000f3a80000,0x00000000f6a80000)
 ParOldGen       total 203264K, used 149189K [0x0000000080000000, 0x000000008c680000, 0x00000000d5580000)
  object space 203264K, 73% used [0x0000000080000000,0x00000000891b17b0,0x000000008c680000)
 Metaspace       used 88483K, capacity 93306K, committed 95016K, reserved 1130496K
  class space    used 11863K, capacity 12778K, committed 13360K, reserved 1048576K
Event: 34.698 GC heap after
Heap after GC invocations=25 (full 4):
 PSYoungGen      total 545792K, used 8532K [0x00000000d5580000, 0x00000000f9c80000, 0x0000000100000000)
  eden space 496640K, 0% used [0x00000000d5580000,0x00000000d5580000,0x00000000f3a80000)
  from space 49152K, 17% used [0x00000000f3a80000,0x00000000f42d5270,0x00000000f6a80000)
  to   space 51200K, 0% used [0x00000000f6a80000,0x00000000f6a80000,0x00000000f9c80000)
 ParOldGen       total 203264K, used 160448K [0x0000000080000000, 0x000000008c680000, 0x00000000d5580000)
  object space 203264K, 78% used [0x0000000080000000,0x0000000089cb0278,0x000000008c680000)
 Metaspace       used 88483K, capacity 93306K, committed 95016K, reserved 1130496K
  class space    used 11863K, capacity 12778K, committed 13360K, reserved 1048576K
}
Event: 35.508 GC heap before
{Heap before GC invocations=26 (full 4):
 PSYoungGen      total 545792K, used 505172K [0x00000000d5580000, 0x00000000f9c80000, 0x0000000100000000)
  eden space 496640K, 100% used [0x00000000d5580000,0x00000000f3a80000,0x00000000f3a80000)
  from space 49152K, 17% used [0x00000000f3a80000,0x00000000f42d5270,0x00000000f6a80000)
  to   space 51200K, 0% used [0x00000000f6a80000,0x00000000f6a80000,0x00000000f9c80000)
 ParOldGen       total 203264K, used 160448K [0x0000000080000000, 0x000000008c680000, 0x00000000d5580000)
  object space 203264K, 78% used [0x0000000080000000,0x0000000089cb0278,0x000000008c680000)
 Metaspace       used 88584K, capacity 93442K, committed 95272K, reserved 1130496K
  class space    used 11863K, capacity 12778K, committed 13360K, reserved 1048576K
Event: 35.537 GC heap after
Heap after GC invocations=26 (full 4):
 PSYoungGen      total 552448K, used 8996K [0x00000000d5580000, 0x00000000ff500000, 0x0000000100000000)
  eden space 501248K, 0% used [0x00000000d5580000,0x00000000d5580000,0x00000000f3f00000)
  from space 51200K, 17% used [0x00000000f6a80000,0x00000000f73490a8,0x00000000f9c80000)
  to   space 44544K, 0% used [0x00000000f3f00000,0x00000000f3f00000,0x00000000f6a80000)
 ParOldGen       total 203264K, used 166851K [0x0000000080000000, 0x000000008c680000, 0x00000000d5580000)
  object space 203264K, 82% used [0x0000000080000000,0x000000008a2f0d38,0x000000008c680000)
 Metaspace       used 88584K, capacity 93442K, committed 95272K, reserved 1130496K
  class space    used 11863K, capacity 12778K, committed 13360K, reserved 1048576K
}

